2020-04-03 00:04:38.050 [Debug] Loaded new formula from BaseExp * Power(Gain, Level).

--------------------------------------------------------------------------------
2020-04-03 00:04:38.055 [Debug] Loaded new formula from BaseExp * Power(Gain, Level).

--------------------------------------------------------------------------------
Listening on 0.0.0.0:5400.

--------------------------------------------------------------------------------
UPnP Service Initialization Succeeded

--------------------------------------------------------------------------------
Successfully auto port forwarded udp port 5400 using UPnP.

--------------------------------------------------------------------------------
2020-04-03 00:04:43.399 [Info] Connection approved [6e8480d7-0d3d-4c60-a9d1-a632778313e3].

--------------------------------------------------------------------------------
2020-04-03 00:04:43.422 [Debug] Connection established to remote [6e8480d7-0d3d-4c60-a9d1-a632778313e3/127.0.0.1:56838].

--------------------------------------------------------------------------------
2020-04-03 00:04:43.423 [Info] Connected [6e8480d7-0d3d-4c60-a9d1-a632778313e3].

--------------------------------------------------------------------------------
2020-04-03 00:05:16.750 [Info] Connection approved [3e1b2b45-9ea1-4db3-bc57-555b1f29e709].

--------------------------------------------------------------------------------
2020-04-03 00:05:16.764 [Debug] Connection established to remote [3e1b2b45-9ea1-4db3-bc57-555b1f29e709/127.0.0.1:64859].

--------------------------------------------------------------------------------
2020-04-03 00:05:16.764 [Info] Connected [3e1b2b45-9ea1-4db3-bc57-555b1f29e709].

--------------------------------------------------------------------------------
2020-04-03 00:05:45.870 [Debug] Took 11ms to send game data to client!

--------------------------------------------------------------------------------
2020-04-03 00:05:54.676 [Debug] StatusChanged: [NetIncomingMessage #1 11 bytes] [Disconnected]

--------------------------------------------------------------------------------
2020-04-03 00:05:54.677 [Debug] Connectioned terminated to remote [3e1b2b45-9ea1-4db3-bc57-555b1f29e709/127.0.0.1:64859].

--------------------------------------------------------------------------------
2020-04-03 00:05:54.677 [Info] Disconnected [3e1b2b45-9ea1-4db3-bc57-555b1f29e709].

--------------------------------------------------------------------------------
2020-04-03 00:05:54.678 [Debug] Client disconnected (vinyka->vinyka)

--------------------------------------------------------------------------------
2020-04-03 00:06:01.999 [Debug] Took 290ms to load player from db!

--------------------------------------------------------------------------------
2020-04-03 00:06:24.733 [Info] Connection approved [9c79188b-9567-429c-b050-217f6c4ebcac].

--------------------------------------------------------------------------------
2020-04-03 00:06:24.747 [Debug] Connection established to remote [9c79188b-9567-429c-b050-217f6c4ebcac/127.0.0.1:57855].

--------------------------------------------------------------------------------
2020-04-03 00:06:24.747 [Info] Connected [9c79188b-9567-429c-b050-217f6c4ebcac].

--------------------------------------------------------------------------------
2020-04-03 00:06:38.176 [Debug] StatusChanged: [NetIncomingMessage #11 11 bytes] [Disconnected]

--------------------------------------------------------------------------------
2020-04-03 00:06:38.176 [Debug] Connectioned terminated to remote [9c79188b-9567-429c-b050-217f6c4ebcac/127.0.0.1:57855].

--------------------------------------------------------------------------------
2020-04-03 00:06:38.176 [Info] Disconnected [9c79188b-9567-429c-b050-217f6c4ebcac].

--------------------------------------------------------------------------------
2020-04-03 00:06:38.176 [Debug] Client disconnected ([menu])

--------------------------------------------------------------------------------
