2020-04-03 00:21:57.110 [Debug] Loaded new formula from BaseExp * Power(Gain, Level).

--------------------------------------------------------------------------------
2020-04-03 00:21:57.116 [Debug] Loaded new formula from BaseExp * Power(Gain, Level).

--------------------------------------------------------------------------------
Listening on 0.0.0.0:5400.

--------------------------------------------------------------------------------
UPnP Service Initialization Succeeded

--------------------------------------------------------------------------------
Successfully auto port forwarded udp port 5400 using UPnP.

--------------------------------------------------------------------------------
2020-04-03 00:23:01.616 [Info] Connection approved [a9fecbea-6d53-455b-8a35-9f74f521f5a0].

--------------------------------------------------------------------------------
2020-04-03 00:23:01.677 [Debug] Connection established to remote [a9fecbea-6d53-455b-8a35-9f74f521f5a0/177.193.146.237:55651].

--------------------------------------------------------------------------------
2020-04-03 00:23:01.677 [Info] Connected [a9fecbea-6d53-455b-8a35-9f74f521f5a0].

--------------------------------------------------------------------------------
2020-04-03 00:23:11.707 [Debug] StatusChanged: [NetIncomingMessage #0 11 bytes] [Disconnected]

--------------------------------------------------------------------------------
2020-04-03 00:23:11.707 [Debug] Connectioned terminated to remote [a9fecbea-6d53-455b-8a35-9f74f521f5a0/177.193.146.237:55651].

--------------------------------------------------------------------------------
2020-04-03 00:23:11.707 [Info] Disconnected [a9fecbea-6d53-455b-8a35-9f74f521f5a0].

--------------------------------------------------------------------------------
2020-04-03 00:23:11.708 [Debug] Client disconnected ([menu])

--------------------------------------------------------------------------------
2020-04-03 00:27:14.077 [Info] Connection approved [3623c8eb-fdab-4d6d-927d-31ac202c4dcb].

--------------------------------------------------------------------------------
2020-04-03 00:27:14.118 [Debug] Connection established to remote [3623c8eb-fdab-4d6d-927d-31ac202c4dcb/177.193.146.237:61930].

--------------------------------------------------------------------------------
2020-04-03 00:27:14.118 [Info] Connected [3623c8eb-fdab-4d6d-927d-31ac202c4dcb].

--------------------------------------------------------------------------------
2020-04-03 00:28:12.358 [Debug] Took 7ms to send game data to client!

--------------------------------------------------------------------------------
2020-04-03 00:28:19.581 [Debug] StatusChanged: [NetIncomingMessage #5 11 bytes] [Disconnected]

--------------------------------------------------------------------------------
2020-04-03 00:28:19.581 [Debug] Connectioned terminated to remote [3623c8eb-fdab-4d6d-927d-31ac202c4dcb/177.193.146.237:61930].

--------------------------------------------------------------------------------
2020-04-03 00:28:19.581 [Info] Disconnected [3623c8eb-fdab-4d6d-927d-31ac202c4dcb].

--------------------------------------------------------------------------------
2020-04-03 00:28:19.581 [Debug] Client disconnected (Bankow->Bankow)

--------------------------------------------------------------------------------
2020-04-03 00:28:23.179 [Info] Connection approved [4830fa49-552d-4f72-b6aa-a4648f626ce4].

--------------------------------------------------------------------------------
2020-04-03 00:28:23.233 [Debug] Connection established to remote [4830fa49-552d-4f72-b6aa-a4648f626ce4/177.193.146.237:58739].

--------------------------------------------------------------------------------
2020-04-03 00:28:23.233 [Info] Connected [4830fa49-552d-4f72-b6aa-a4648f626ce4].

--------------------------------------------------------------------------------
2020-04-03 00:29:38.956 [Debug] StatusChanged: [NetIncomingMessage #3 10 bytes] [Disconnected]

--------------------------------------------------------------------------------
2020-04-03 00:29:38.956 [Debug] Connectioned terminated to remote [4830fa49-552d-4f72-b6aa-a4648f626ce4/177.193.146.237:58739].

--------------------------------------------------------------------------------
2020-04-03 00:29:38.956 [Info] Disconnected [4830fa49-552d-4f72-b6aa-a4648f626ce4].

--------------------------------------------------------------------------------
2020-04-03 00:29:38.956 [Debug] Client disconnected ([menu])

--------------------------------------------------------------------------------
2020-04-03 00:29:42.748 [Info] Connection approved [e3db8790-1e74-4b9b-8aa2-60374147a220].

--------------------------------------------------------------------------------
2020-04-03 00:29:42.818 [Debug] Connection established to remote [e3db8790-1e74-4b9b-8aa2-60374147a220/177.193.146.237:50735].

--------------------------------------------------------------------------------
2020-04-03 00:29:42.818 [Info] Connected [e3db8790-1e74-4b9b-8aa2-60374147a220].

--------------------------------------------------------------------------------
2020-04-03 00:29:52.828 [Debug] Took 254ms to load user and characters from db!

--------------------------------------------------------------------------------
2020-04-03 00:29:52.842 [Debug] Took 0ms to send game data to client!

--------------------------------------------------------------------------------
2020-04-03 00:31:49.082 [Debug] StatusChanged: [NetIncomingMessage #73 11 bytes] [Disconnected]

--------------------------------------------------------------------------------
2020-04-03 00:31:49.082 [Debug] Connectioned terminated to remote [e3db8790-1e74-4b9b-8aa2-60374147a220/177.193.146.237:50735].

--------------------------------------------------------------------------------
2020-04-03 00:31:49.082 [Info] Disconnected [e3db8790-1e74-4b9b-8aa2-60374147a220].

--------------------------------------------------------------------------------
2020-04-03 00:31:49.082 [Debug] Client disconnected (Bankow->[editor])

--------------------------------------------------------------------------------
2020-04-03 00:31:52.048 [Info] Connection approved [280bcf3e-8e5d-4b4d-9e11-4022945fbc5e].

--------------------------------------------------------------------------------
2020-04-03 00:31:52.093 [Debug] Connection established to remote [280bcf3e-8e5d-4b4d-9e11-4022945fbc5e/177.193.146.237:63873].

--------------------------------------------------------------------------------
2020-04-03 00:31:52.093 [Info] Connected [280bcf3e-8e5d-4b4d-9e11-4022945fbc5e].

--------------------------------------------------------------------------------
2020-04-03 00:32:01.832 [Debug] StatusChanged: [NetIncomingMessage #1 10 bytes] [Disconnected]

--------------------------------------------------------------------------------
2020-04-03 00:32:01.832 [Debug] Connectioned terminated to remote [280bcf3e-8e5d-4b4d-9e11-4022945fbc5e/177.193.146.237:63873].

--------------------------------------------------------------------------------
2020-04-03 00:32:01.832 [Info] Disconnected [280bcf3e-8e5d-4b4d-9e11-4022945fbc5e].

--------------------------------------------------------------------------------
2020-04-03 00:32:01.832 [Debug] Client disconnected ([menu])

--------------------------------------------------------------------------------
2020-04-03 00:48:52.346 [Info] Connection approved [c6a86337-0e77-4b8e-ae6c-d84e78ca9607].

--------------------------------------------------------------------------------
2020-04-03 00:48:52.397 [Debug] Connection established to remote [c6a86337-0e77-4b8e-ae6c-d84e78ca9607/177.193.146.237:56638].

--------------------------------------------------------------------------------
2020-04-03 00:48:52.397 [Info] Connected [c6a86337-0e77-4b8e-ae6c-d84e78ca9607].

--------------------------------------------------------------------------------
2020-04-03 00:50:42.465 [Info] Connection approved [deeae088-0248-4ea1-834a-759023dff372].

--------------------------------------------------------------------------------
2020-04-03 00:50:42.483 [Debug] Connection established to remote [deeae088-0248-4ea1-834a-759023dff372/177.64.244.142:54836].

--------------------------------------------------------------------------------
2020-04-03 00:50:42.483 [Info] Connected [deeae088-0248-4ea1-834a-759023dff372].

--------------------------------------------------------------------------------
2020-04-03 00:50:45.097 [Info] Connection approved [c126d383-a6f3-4f79-8761-bed47d10a613].

--------------------------------------------------------------------------------
2020-04-03 00:50:45.154 [Debug] Connection established to remote [c126d383-a6f3-4f79-8761-bed47d10a613/177.193.146.237:56630].

--------------------------------------------------------------------------------
2020-04-03 00:50:45.154 [Info] Connected [c126d383-a6f3-4f79-8761-bed47d10a613].

--------------------------------------------------------------------------------
2020-04-03 00:50:48.216 [Debug] Took 18ms to load user and characters from db!

--------------------------------------------------------------------------------
2020-04-03 00:50:48.217 [Debug] Took 0ms to send game data to client!

--------------------------------------------------------------------------------
2020-04-03 00:50:56.026 [Debug] Took 3ms to load user and characters from db!

--------------------------------------------------------------------------------
2020-04-03 00:50:56.028 [Debug] Took 0ms to send game data to client!

--------------------------------------------------------------------------------
2020-04-03 00:53:53.582 [Debug] StatusChanged: [NetIncomingMessage #39 22 bytes] [Disconnected]

--------------------------------------------------------------------------------
2020-04-03 00:53:53.582 [Debug] Connectioned terminated to remote [c126d383-a6f3-4f79-8761-bed47d10a613/177.193.146.237:56630].

--------------------------------------------------------------------------------
2020-04-03 00:53:53.582 [Info] Disconnected [c126d383-a6f3-4f79-8761-bed47d10a613].

--------------------------------------------------------------------------------
2020-04-03 00:53:53.582 [Debug] Client disconnected (Bankow->[editor])

--------------------------------------------------------------------------------
2020-04-03 00:54:01.290 [Debug] Took 0ms to send game data to client!

--------------------------------------------------------------------------------
2020-04-03 00:54:36.083 [Debug] StatusChanged: [NetIncomingMessage #42 11 bytes] [Disconnected]

--------------------------------------------------------------------------------
2020-04-03 00:54:36.083 [Debug] Connectioned terminated to remote [deeae088-0248-4ea1-834a-759023dff372/177.64.244.142:54836].

--------------------------------------------------------------------------------
2020-04-03 00:54:36.083 [Info] Disconnected [deeae088-0248-4ea1-834a-759023dff372].

--------------------------------------------------------------------------------
2020-04-03 00:54:36.083 [Debug] Client disconnected (admin->[editor])

--------------------------------------------------------------------------------
2020-04-03 00:54:40.942 [Info] Connection approved [0afd9695-d06c-45aa-9f1b-bf85bb0cca41].

--------------------------------------------------------------------------------
2020-04-03 00:54:40.964 [Debug] Connection established to remote [0afd9695-d06c-45aa-9f1b-bf85bb0cca41/177.64.244.142:51802].

--------------------------------------------------------------------------------
2020-04-03 00:54:40.964 [Info] Connected [0afd9695-d06c-45aa-9f1b-bf85bb0cca41].

--------------------------------------------------------------------------------
2020-04-03 00:54:49.962 [Debug] Took 3ms to load player from db!

--------------------------------------------------------------------------------
2020-04-03 01:00:29.956 [Debug] StatusChanged: [NetIncomingMessage #6 10 bytes] [Disconnected]

--------------------------------------------------------------------------------
2020-04-03 01:00:29.956 [Debug] Connectioned terminated to remote [0afd9695-d06c-45aa-9f1b-bf85bb0cca41/177.64.244.142:51802].

--------------------------------------------------------------------------------
2020-04-03 01:00:29.956 [Info] Disconnected [0afd9695-d06c-45aa-9f1b-bf85bb0cca41].

--------------------------------------------------------------------------------
2020-04-03 01:00:29.956 [Debug] Client disconnected (vinyka->[editor])

--------------------------------------------------------------------------------
2020-04-03 01:00:32.400 [Info] Acquiring context lock... (0ms)

--------------------------------------------------------------------------------
2020-04-03 01:00:32.400 [Info] Acquired. (0ms)

--------------------------------------------------------------------------------
2020-04-03 01:00:32.400 [Info] Beginning context dispose. (0ms)

--------------------------------------------------------------------------------
