2020-04-03 01:03:04.033 [Debug] Loaded new formula from BaseExp * Power(Gain, Level).

--------------------------------------------------------------------------------
2020-04-03 01:03:04.037 [Debug] Loaded new formula from BaseExp * Power(Gain, Level).

--------------------------------------------------------------------------------
Listening on 0.0.0.0:5400.

--------------------------------------------------------------------------------
UPnP Service Initialization Succeeded

--------------------------------------------------------------------------------
Successfully auto port forwarded udp port 5400 using UPnP.

--------------------------------------------------------------------------------
2020-04-03 01:03:10.193 [Info] Connection approved [04e45947-17e4-4456-b927-288c6c7b6536].

--------------------------------------------------------------------------------
2020-04-03 01:03:15.354 [Info] Connection approved [b19035d7-4b1d-494c-be9d-1360e86ab8cc].

--------------------------------------------------------------------------------
2020-04-03 01:03:15.429 [Debug] Connection established to remote [b19035d7-4b1d-494c-be9d-1360e86ab8cc/177.193.146.237:59951].

--------------------------------------------------------------------------------
2020-04-03 01:03:15.430 [Info] Connected [b19035d7-4b1d-494c-be9d-1360e86ab8cc].

--------------------------------------------------------------------------------
2020-04-03 01:03:22.596 [Debug] Took 369ms to load player from db!

--------------------------------------------------------------------------------
2020-04-03 01:03:25.410 [Debug] StatusChanged: [NetIncomingMessage #1 63 bytes] [Disconnected]

--------------------------------------------------------------------------------
2020-04-03 01:03:25.410 [Debug] Connectioned terminated to remote [04e45947-17e4-4456-b927-288c6c7b6536/177.193.146.237:53824].

--------------------------------------------------------------------------------
2020-04-03 01:03:25.410 [Info] Disconnected [04e45947-17e4-4456-b927-288c6c7b6536].

--------------------------------------------------------------------------------
