2020-04-02 23:36:40.295 [Debug] Loaded new formula from BaseExp * Power(Gain, Level).

--------------------------------------------------------------------------------
2020-04-02 23:36:40.302 [Debug] Loaded new formula from BaseExp * Power(Gain, Level).

--------------------------------------------------------------------------------
Listening on 0.0.0.0:5400.

--------------------------------------------------------------------------------
UPnP Service Initialization Succeeded

--------------------------------------------------------------------------------
Successfully auto port forwarded udp port 5400 using UPnP.

--------------------------------------------------------------------------------
2020-04-02 23:46:42.674 [Info] Acquiring context lock... (0ms)

--------------------------------------------------------------------------------
2020-04-02 23:46:42.674 [Info] Acquired. (0ms)

--------------------------------------------------------------------------------
2020-04-02 23:46:42.674 [Info] Beginning context dispose. (0ms)

--------------------------------------------------------------------------------
2020-04-02 23:46:42.676 [Info] Disposing network... (0ms)

--------------------------------------------------------------------------------
2020-04-02 23:46:42.679 [Info] Saving player database... (4ms)

--------------------------------------------------------------------------------
2020-04-02 23:46:42.682 [Info] Saving game database... (6ms)

--------------------------------------------------------------------------------
2020-04-02 23:46:42.682 [Info] Shutting down the API... (7ms)

--------------------------------------------------------------------------------
2020-04-02 23:46:42.682 [Info] Shutting down the console thread... (7ms)

--------------------------------------------------------------------------------
2020-04-02 23:46:43.685 [Info] Base dispose. (1010ms)

--------------------------------------------------------------------------------
2020-04-02 23:46:43.686 [Info] Finished disposing server context. (1010ms)

--------------------------------------------------------------------------------
2020-04-02 23:46:43.686 [Info] GC.SuppressFinalize (1011ms)

--------------------------------------------------------------------------------
2020-04-02 23:46:43.686 [Info] InternalDispose() completed. (1011ms)

--------------------------------------------------------------------------------
2020-04-02 23:46:43.686 [Info] Clearing instance... (1012ms)

--------------------------------------------------------------------------------
2020-04-02 23:46:43.686 [Info] Releasing context lock... (1012ms)

--------------------------------------------------------------------------------
2020-04-02 23:46:43.686 [Info] Released. (1012ms)

--------------------------------------------------------------------------------
