2020-04-02 23:36:23.902 [Debug] Loaded new formula from BaseExp * Power(Gain, Level).

--------------------------------------------------------------------------------
2020-04-02 23:36:24.222 [Warn] 
  Message: Missing configuration file.
    Stack:    em Intersect.Configuration.ConfigurationHelper.Load[T](T configuration, String filePath, Boolean failQuietly) na C:\TeamCity\buildAgent\work\40dc5d27074313da\Intersect (Core)\Configuration\ConfigurationHelper.cs:linha 24
   em Intersect.Server.Web.RestApi.Configuration.ApiConfiguration.Load(String filePath, Boolean failQuietly) na C:\TeamCity\buildAgent\work\40dc5d27074313da\Intersect.Server\Web\RestApi\Configuration\ApiConfiguration.cs:linha 183
   em Intersect.Configuration.ConfigurationHelper.LoadSafely[T](T configuration, String filePath) na C:\TeamCity\buildAgent\work\40dc5d27074313da\Intersect (Core)\Configuration\ConfigurationHelper.cs:linha 85


--------------------------------------------------------------------------------
2020-04-02 23:36:24.461 [Info] Acquiring context lock... (0ms)

--------------------------------------------------------------------------------
2020-04-02 23:36:24.462 [Info] Acquired. (0ms)

--------------------------------------------------------------------------------
2020-04-02 23:36:24.462 [Info] Beginning context dispose. (0ms)

--------------------------------------------------------------------------------
2020-04-02 23:36:24.463 [Info] Disposing network... (0ms)

--------------------------------------------------------------------------------
2020-04-02 23:36:24.469 [Error] Received unhandled exception from Nome:Intersect Server.exe
Não existem políticas de contexto.
.

--------------------------------------------------------------------------------
2020-04-02 23:36:24.471 [Error] 
  Message: Referência de objeto não definida para uma instância de um objeto.
    Stack:    em Intersect.Server.Core.ServerContext.Dispose(Boolean disposing) na C:\TeamCity\buildAgent\work\40dc5d27074313da\Intersect.Server\Core\ServerContext.cs:linha 113
   em Intersect.Core.ApplicationContext`1.InternalDispose() na C:\TeamCity\buildAgent\work\40dc5d27074313da\Intersect (Core)\Core\ApplicationContext.cs:linha 157
   em Intersect.Threading.ConcurrentInstance`1.ClearWith(TInstance instance, Action action) na C:\TeamCity\buildAgent\work\40dc5d27074313da\Intersect (Core)\Threading\ConcurrentInstance.cs:linha 41
   em Intersect.Core.ApplicationContext`1.Dispose() na C:\TeamCity\buildAgent\work\40dc5d27074313da\Intersect (Core)\Core\ApplicationContext.cs:linha 149
   em Intersect.Server.Core.Bootstrapper.ConsoleCtrlCheck(CtrlTypes ctrlType) na C:\TeamCity\buildAgent\work\40dc5d27074313da\Intersect.Server\Core\Bootstrapper.cs:linha 538


--------------------------------------------------------------------------------
