2020-04-03 00:17:15.426 [Debug] Loaded new formula from BaseExp * Power(Gain, Level).

--------------------------------------------------------------------------------
2020-04-03 00:17:15.431 [Debug] Loaded new formula from BaseExp * Power(Gain, Level).

--------------------------------------------------------------------------------
Listening on 0.0.0.0:5400.

--------------------------------------------------------------------------------
UPnP Service Initialization Succeeded

--------------------------------------------------------------------------------
Successfully auto port forwarded udp port 5400 using UPnP.

--------------------------------------------------------------------------------
2020-04-03 00:21:49.955 [Info] Acquiring context lock... (0ms)

--------------------------------------------------------------------------------
2020-04-03 00:21:49.955 [Info] Acquired. (0ms)

--------------------------------------------------------------------------------
2020-04-03 00:21:49.955 [Info] Beginning context dispose. (0ms)

--------------------------------------------------------------------------------
2020-04-03 00:21:49.956 [Info] Disposing network... (0ms)

--------------------------------------------------------------------------------
2020-04-03 00:21:49.958 [Info] Saving player database... (2ms)

--------------------------------------------------------------------------------
2020-04-03 00:21:49.960 [Info] Saving game database... (4ms)

--------------------------------------------------------------------------------
2020-04-03 00:21:49.960 [Info] Shutting down the API... (4ms)

--------------------------------------------------------------------------------
2020-04-03 00:21:49.961 [Info] Shutting down the console thread... (5ms)

--------------------------------------------------------------------------------
2020-04-03 00:21:50.961 [Info] Base dispose. (1004ms)

--------------------------------------------------------------------------------
2020-04-03 00:21:50.961 [Info] Finished disposing server context. (1005ms)

--------------------------------------------------------------------------------
2020-04-03 00:21:50.961 [Info] GC.SuppressFinalize (1006ms)

--------------------------------------------------------------------------------
2020-04-03 00:21:50.961 [Info] InternalDispose() completed. (1006ms)

--------------------------------------------------------------------------------
2020-04-03 00:21:50.961 [Info] Clearing instance... (1006ms)

--------------------------------------------------------------------------------
2020-04-03 00:21:50.961 [Info] Releasing context lock... (1006ms)

--------------------------------------------------------------------------------
2020-04-03 00:21:50.961 [Info] Released. (1006ms)

--------------------------------------------------------------------------------
