2020-04-03 02:28:45.802 [Info] Connecting to shinecode.xyz:5400...

--------------------------------------------------------------------------------
2020-04-03 02:28:46.217 [Info] Connection approved [00000000-0000-0000-0000-000000000000].

--------------------------------------------------------------------------------
2020-04-03 02:28:46.242 [Debug] Connection established to remote [00000000-0000-0000-0000-000000000000/177.64.244.142:5400].

--------------------------------------------------------------------------------
2020-04-03 02:28:46.242 [Info] Connected [00000000-0000-0000-0000-000000000000].

--------------------------------------------------------------------------------
2020-04-03 02:28:53.680 [Warn] 'Me' is null.

--------------------------------------------------------------------------------
2020-04-03 02:29:47.022 [Warn] 'Me' is null.

--------------------------------------------------------------------------------
2020-04-03 02:29:47.023 [Warn] 'GameUi' is null.

--------------------------------------------------------------------------------
2020-04-03 02:29:47.028 [Warn] 'GameUi' is null.

--------------------------------------------------------------------------------
2020-04-03 02:29:47.028 [Warn] 'GameUi' is null.

--------------------------------------------------------------------------------
2020-04-03 02:29:52.858 [Debug] StatusChanged: [NetIncomingMessage #0 10 bytes] [Disconnecting]

--------------------------------------------------------------------------------
2020-04-03 02:29:52.862 [Debug] StatusChanged: [NetIncomingMessage #0 11 bytes] [Disconnected]

--------------------------------------------------------------------------------
