2020-04-03 00:50:42.115 [Info] Connecting to shinecode.xyz:5400...

--------------------------------------------------------------------------------
2020-04-03 00:50:42.483 [Info] Connection approved [00000000-0000-0000-0000-000000000000].

--------------------------------------------------------------------------------
2020-04-03 00:50:42.500 [Debug] Connection established to remote [00000000-0000-0000-0000-000000000000/177.64.244.142:5400].

--------------------------------------------------------------------------------
2020-04-03 00:50:42.501 [Info] Connected [00000000-0000-0000-0000-000000000000].

--------------------------------------------------------------------------------
2020-04-03 00:50:48.543 [Warn] 'Me' is null.

--------------------------------------------------------------------------------
2020-04-03 00:54:01.309 [Warn] 'Me' is null.

--------------------------------------------------------------------------------
2020-04-03 00:54:01.310 [Warn] 'GameUi' is null.

--------------------------------------------------------------------------------
2020-04-03 00:54:01.313 [Warn] 'GameUi' is null.

--------------------------------------------------------------------------------
2020-04-03 00:54:01.313 [Warn] 'GameUi' is null.

--------------------------------------------------------------------------------
2020-04-03 00:54:36.065 [Debug] StatusChanged: [NetIncomingMessage #566 10 bytes] [Disconnecting]

--------------------------------------------------------------------------------
2020-04-03 00:54:36.069 [Debug] StatusChanged: [NetIncomingMessage #567 11 bytes] [Disconnected]

--------------------------------------------------------------------------------
